<?xml version="1.0" encoding="UTF-8"?>
<!-- Generated by org.testng.reporters.JUnitReportReporter -->
<testsuite hostname="Greeshu" failures="0" tests="1" name="testCases.HomePageTest" time="7.161" errors="0" timestamp="2025-06-02T16:30:13 IST" skipped="0">
  <testcase classname="testCases.HomePageTest" name="navigate_To_HomePage" time="7.161"/>
</testsuite> <!-- testCases.HomePageTest -->
