<?xml version="1.0" encoding="UTF-8"?>
<!-- Generated by org.testng.reporters.JUnitReportReporter -->
<testsuite hostname="Greeshu" failures="0" tests="1" name="testMethods.LoginTestMethods" time="0.018" errors="0" timestamp="2025-06-02T15:57:33 IST" skipped="0">
  <testcase classname="testMethods.LoginTestMethods" name="veryTitle" time="0.018"/>
</testsuite> <!-- testMethods.LoginTestMethods -->
