<?xml version="1.0" encoding="UTF-8"?>
<!-- Generated by org.testng.reporters.JUnitReportReporter -->
<testsuite hostname="Greeshu" failures="0" tests="1" name="runner.TestRunner2" time="0.262" errors="0" timestamp="2025-05-23T16:18:37 IST" skipped="0">
  <testcase classname="runner.TestRunner2" name="runScenario" time="0.262"/>
</testsuite> <!-- runner.TestRunner2 -->
